mode: set
github.com\Comdex\datastructure\ds\linkedlist.go:17.50,19.2 1 1
github.com\Comdex\datastructure\ds\linkedlist.go:21.45,23.2 1 0
github.com\Comdex\datastructure\ds\linkedlist.go:25.41,27.2 1 1
github.com\Comdex\datastructure\ds\linkedlist.go:29.39,31.2 1 1
github.com\Comdex\datastructure\ds\linkedlist.go:33.35,35.2 1 1
github.com\Comdex\datastructure\ds\linkedlist.go:42.51,46.11 4 0
github.com\Comdex\datastructure\ds\linkedlist.go:46.11,48.22 2 0
github.com\Comdex\datastructure\ds\linkedlist.go:54.3,54.14 1 0
github.com\Comdex\datastructure\ds\linkedlist.go:48.22,49.22 1 0
github.com\Comdex\datastructure\ds\linkedlist.go:49.22,52.5 2 0
github.com\Comdex\datastructure\ds\linkedlist.go:55.3,57.22 2 0
github.com\Comdex\datastructure\ds\linkedlist.go:63.3,63.14 1 0
github.com\Comdex\datastructure\ds\linkedlist.go:57.22,58.22 1 0
github.com\Comdex\datastructure\ds\linkedlist.go:58.22,61.5 2 0
github.com\Comdex\datastructure\ds\linkedlist.go:67.35,70.2 2 1
github.com\Comdex\datastructure\ds\linkedlist.go:72.38,75.15 3 1
github.com\Comdex\datastructure\ds\linkedlist.go:79.2,79.15 1 1
github.com\Comdex\datastructure\ds\linkedlist.go:75.15,78.3 2 1
github.com\Comdex\datastructure\ds\linkedlist.go:82.33,85.2 2 0
github.com\Comdex\datastructure\ds\linkedlist.go:87.40,89.2 1 0
github.com\Comdex\datastructure\ds\linkedlist.go:91.61,92.41 1 0
github.com\Comdex\datastructure\ds\linkedlist.go:95.2,97.35 3 0
github.com\Comdex\datastructure\ds\linkedlist.go:101.2,101.26 1 0
github.com\Comdex\datastructure\ds\linkedlist.go:92.41,94.3 1 0
github.com\Comdex\datastructure\ds\linkedlist.go:97.35,100.3 2 0
github.com\Comdex\datastructure\ds\linkedlist.go:104.67,105.40 1 1
github.com\Comdex\datastructure\ds\linkedlist.go:108.2,110.41 3 1
github.com\Comdex\datastructure\ds\linkedlist.go:114.2,114.14 1 1
github.com\Comdex\datastructure\ds\linkedlist.go:117.2,120.12 4 1
github.com\Comdex\datastructure\ds\linkedlist.go:105.40,107.3 1 0
github.com\Comdex\datastructure\ds\linkedlist.go:110.41,113.3 2 1
github.com\Comdex\datastructure\ds\linkedlist.go:114.14,116.3 1 0
github.com\Comdex\datastructure\ds\linkedlist.go:123.49,124.41 1 0
github.com\Comdex\datastructure\ds\linkedlist.go:127.2,129.37 3 0
github.com\Comdex\datastructure\ds\linkedlist.go:134.2,134.15 1 0
github.com\Comdex\datastructure\ds\linkedlist.go:137.2,138.12 2 0
github.com\Comdex\datastructure\ds\linkedlist.go:124.41,126.3 1 0
github.com\Comdex\datastructure\ds\linkedlist.go:129.37,132.3 2 0
github.com\Comdex\datastructure\ds\linkedlist.go:134.15,136.3 1 0
github.com\Comdex\datastructure\ds\linkedlist.go:141.55,144.38 3 1
github.com\Comdex\datastructure\ds\linkedlist.go:148.2,148.14 1 1
github.com\Comdex\datastructure\ds\linkedlist.go:144.38,147.3 2 1
github.com\Comdex\datastructure\ds\linkedlist.go:148.14,150.3 1 1
github.com\Comdex\datastructure\ds\linkedlist.go:150.3,152.3 1 0
github.com\Comdex\datastructure\ds\linkedlist.go:155.35,157.25 2 0
github.com\Comdex\datastructure\ds\linkedlist.go:161.2,161.15 1 0
github.com\Comdex\datastructure\ds\linkedlist.go:157.25,160.3 2 0
github.com\Comdex\datastructure\ds\linkedlist.go:165.35,170.19 3 1
github.com\Comdex\datastructure\ds\linkedlist.go:176.2,176.25 1 1
github.com\Comdex\datastructure\ds\linkedlist.go:170.19,175.3 4 1
github.com\Comdex\datastructure\ds\sqlist.go:13.23,16.2 2 1
github.com\Comdex\datastructure\ds\sqlist.go:18.34,20.2 1 1
github.com\Comdex\datastructure\ds\sqlist.go:22.29,24.2 1 1
github.com\Comdex\datastructure\ds\sqlist.go:26.36,28.2 1 0
github.com\Comdex\datastructure\ds\sqlist.go:30.66,31.41 1 1
github.com\Comdex\datastructure\ds\sqlist.go:36.2,37.8 2 1
github.com\Comdex\datastructure\ds\sqlist.go:31.41,34.3 2 0
github.com\Comdex\datastructure\ds\sqlist.go:40.63,41.40 1 1
github.com\Comdex\datastructure\ds\sqlist.go:45.2,49.12 5 1
github.com\Comdex\datastructure\ds\sqlist.go:41.40,43.3 1 0
github.com\Comdex\datastructure\ds\sqlist.go:61.45,62.40 1 1
github.com\Comdex\datastructure\ds\sqlist.go:65.2,66.12 2 1
github.com\Comdex\datastructure\ds\sqlist.go:62.40,64.3 1 0
github.com\Comdex\datastructure\ds\sqlist.go:69.51,70.32 1 1
github.com\Comdex\datastructure\ds\sqlist.go:75.2,75.11 1 0
github.com\Comdex\datastructure\ds\sqlist.go:70.32,71.18 1 1
github.com\Comdex\datastructure\ds\sqlist.go:71.18,73.4 1 1
github.com\Comdex\datastructure\ds\sqlist.go:78.31,79.32 1 0
github.com\Comdex\datastructure\ds\sqlist.go:82.2,82.15 1 0
github.com\Comdex\datastructure\ds\sqlist.go:79.32,81.3 1 0
