mode: set
github.com\Comdex\datastructure\ds\linkedlist.go:16.51,20.11 4 0
github.com\Comdex\datastructure\ds\linkedlist.go:20.11,22.22 2 0
github.com\Comdex\datastructure\ds\linkedlist.go:28.3,28.14 1 0
github.com\Comdex\datastructure\ds\linkedlist.go:22.22,23.22 1 0
github.com\Comdex\datastructure\ds\linkedlist.go:23.22,26.5 2 0
github.com\Comdex\datastructure\ds\linkedlist.go:29.3,31.22 2 0
github.com\Comdex\datastructure\ds\linkedlist.go:37.3,37.14 1 0
github.com\Comdex\datastructure\ds\linkedlist.go:31.22,32.22 1 0
github.com\Comdex\datastructure\ds\linkedlist.go:32.22,35.5 2 0
github.com\Comdex\datastructure\ds\linkedlist.go:41.35,44.2 2 1
github.com\Comdex\datastructure\ds\linkedlist.go:46.38,49.15 3 1
github.com\Comdex\datastructure\ds\linkedlist.go:53.2,53.15 1 1
github.com\Comdex\datastructure\ds\linkedlist.go:49.15,52.3 2 1
github.com\Comdex\datastructure\ds\linkedlist.go:56.33,59.2 2 0
github.com\Comdex\datastructure\ds\linkedlist.go:61.40,63.2 1 0
github.com\Comdex\datastructure\ds\linkedlist.go:65.61,66.41 1 0
github.com\Comdex\datastructure\ds\linkedlist.go:69.2,71.35 3 0
github.com\Comdex\datastructure\ds\linkedlist.go:75.2,75.26 1 0
github.com\Comdex\datastructure\ds\linkedlist.go:66.41,68.3 1 0
github.com\Comdex\datastructure\ds\linkedlist.go:71.35,74.3 2 0
github.com\Comdex\datastructure\ds\linkedlist.go:78.67,79.40 1 1
github.com\Comdex\datastructure\ds\linkedlist.go:82.2,84.41 3 1
github.com\Comdex\datastructure\ds\linkedlist.go:88.2,88.14 1 1
github.com\Comdex\datastructure\ds\linkedlist.go:91.2,94.12 4 1
github.com\Comdex\datastructure\ds\linkedlist.go:79.40,81.3 1 0
github.com\Comdex\datastructure\ds\linkedlist.go:84.41,87.3 2 1
github.com\Comdex\datastructure\ds\linkedlist.go:88.14,90.3 1 0
github.com\Comdex\datastructure\ds\linkedlist.go:97.49,98.41 1 0
github.com\Comdex\datastructure\ds\linkedlist.go:101.2,103.37 3 0
github.com\Comdex\datastructure\ds\linkedlist.go:108.2,108.15 1 0
github.com\Comdex\datastructure\ds\linkedlist.go:111.2,112.12 2 0
github.com\Comdex\datastructure\ds\linkedlist.go:98.41,100.3 1 0
github.com\Comdex\datastructure\ds\linkedlist.go:103.37,106.3 2 0
github.com\Comdex\datastructure\ds\linkedlist.go:108.15,110.3 1 0
github.com\Comdex\datastructure\ds\linkedlist.go:115.55,118.38 3 1
github.com\Comdex\datastructure\ds\linkedlist.go:122.2,122.14 1 1
github.com\Comdex\datastructure\ds\linkedlist.go:118.38,121.3 2 1
github.com\Comdex\datastructure\ds\linkedlist.go:122.14,124.3 1 1
github.com\Comdex\datastructure\ds\linkedlist.go:124.3,126.3 1 0
github.com\Comdex\datastructure\ds\linkedlist.go:129.35,131.25 2 0
github.com\Comdex\datastructure\ds\linkedlist.go:135.2,135.15 1 0
github.com\Comdex\datastructure\ds\linkedlist.go:131.25,134.3 2 0
github.com\Comdex\datastructure\ds\linkedlist.go:139.35,144.19 3 1
github.com\Comdex\datastructure\ds\linkedlist.go:150.2,150.25 1 1
github.com\Comdex\datastructure\ds\linkedlist.go:144.19,149.3 4 1
github.com\Comdex\datastructure\ds\linkedqueue.go:10.29,12.2 1 1
github.com\Comdex\datastructure\ds\linkedqueue.go:14.34,16.2 1 0
github.com\Comdex\datastructure\ds\linkedqueue.go:18.39,21.18 3 1
github.com\Comdex\datastructure\ds\linkedqueue.go:25.2,25.15 1 1
github.com\Comdex\datastructure\ds\linkedqueue.go:21.18,24.3 2 1
github.com\Comdex\datastructure\ds\linkedqueue.go:28.36,31.18 3 1
github.com\Comdex\datastructure\ds\linkedqueue.go:35.2,35.15 1 1
github.com\Comdex\datastructure\ds\linkedqueue.go:31.18,34.3 2 1
github.com\Comdex\datastructure\ds\linkedqueue.go:38.41,40.2 1 0
github.com\Comdex\datastructure\ds\linkedqueue.go:42.56,43.22 1 1
github.com\Comdex\datastructure\ds\linkedqueue.go:48.2,49.28 2 1
github.com\Comdex\datastructure\ds\linkedqueue.go:52.2,53.12 2 1
github.com\Comdex\datastructure\ds\linkedqueue.go:43.22,46.3 2 1
github.com\Comdex\datastructure\ds\linkedqueue.go:49.28,51.3 1 1
github.com\Comdex\datastructure\ds\linkedqueue.go:56.45,58.2 1 1
github.com\Comdex\datastructure\ds\linkedqueue.go:60.45,64.2 3 1
github.com\Comdex\datastructure\ds\linkedstack.go:10.29,12.2 1 1
github.com\Comdex\datastructure\ds\linkedstack.go:14.34,16.2 1 0
github.com\Comdex\datastructure\ds\linkedstack.go:18.39,21.18 3 1
github.com\Comdex\datastructure\ds\linkedstack.go:25.2,25.15 1 1
github.com\Comdex\datastructure\ds\linkedstack.go:21.18,24.3 2 1
github.com\Comdex\datastructure\ds\linkedstack.go:28.41,30.2 1 0
github.com\Comdex\datastructure\ds\linkedstack.go:32.45,34.2 1 1
github.com\Comdex\datastructure\ds\linkedstack.go:36.55,37.21 1 1
github.com\Comdex\datastructure\ds\linkedstack.go:43.2,43.12 1 1
github.com\Comdex\datastructure\ds\linkedstack.go:37.21,39.3 1 1
github.com\Comdex\datastructure\ds\linkedstack.go:39.3,42.3 2 1
github.com\Comdex\datastructure\ds\linkedstack.go:46.44,47.21 1 1
github.com\Comdex\datastructure\ds\linkedstack.go:50.2,52.23 3 1
github.com\Comdex\datastructure\ds\linkedstack.go:47.21,49.3 1 0
github.com\Comdex\datastructure\ds\linkedstack.go:55.36,58.18 3 1
github.com\Comdex\datastructure\ds\linkedstack.go:62.2,62.15 1 1
github.com\Comdex\datastructure\ds\linkedstack.go:58.18,61.3 2 1
github.com\Comdex\datastructure\ds\node.go:9.50,11.2 1 1
github.com\Comdex\datastructure\ds\node.go:13.45,15.2 1 0
github.com\Comdex\datastructure\ds\node.go:17.41,19.2 1 1
github.com\Comdex\datastructure\ds\node.go:21.39,23.2 1 1
github.com\Comdex\datastructure\ds\node.go:25.35,27.2 1 1
github.com\Comdex\datastructure\ds\sqlist.go:13.23,16.2 2 1
github.com\Comdex\datastructure\ds\sqlist.go:18.34,20.2 1 1
github.com\Comdex\datastructure\ds\sqlist.go:22.29,24.2 1 1
github.com\Comdex\datastructure\ds\sqlist.go:26.36,28.2 1 0
github.com\Comdex\datastructure\ds\sqlist.go:30.66,31.41 1 1
github.com\Comdex\datastructure\ds\sqlist.go:36.2,37.8 2 1
github.com\Comdex\datastructure\ds\sqlist.go:31.41,34.3 2 0
github.com\Comdex\datastructure\ds\sqlist.go:40.63,41.40 1 1
github.com\Comdex\datastructure\ds\sqlist.go:45.2,49.12 5 1
github.com\Comdex\datastructure\ds\sqlist.go:41.40,43.3 1 0
github.com\Comdex\datastructure\ds\sqlist.go:61.45,62.40 1 1
github.com\Comdex\datastructure\ds\sqlist.go:65.2,66.12 2 1
github.com\Comdex\datastructure\ds\sqlist.go:62.40,64.3 1 0
github.com\Comdex\datastructure\ds\sqlist.go:69.51,70.32 1 1
github.com\Comdex\datastructure\ds\sqlist.go:75.2,75.11 1 0
github.com\Comdex\datastructure\ds\sqlist.go:70.32,71.18 1 1
github.com\Comdex\datastructure\ds\sqlist.go:71.18,73.4 1 1
github.com\Comdex\datastructure\ds\sqlist.go:78.31,79.32 1 0
github.com\Comdex\datastructure\ds\sqlist.go:82.2,82.15 1 0
github.com\Comdex\datastructure\ds\sqlist.go:79.32,81.3 1 0
